
Showing logs for build [32mcb-kubecd-bdd-gh-1582584235-pr-pmzm8-1[0m stage [32mfrom-build-pack[0m and container [32mstep-credential-initializer-f9sfd[0m
{"level":"warn","ts":1582584847.1982663,"logger":"fallback-logger","caller":"logging/config.go:69","msg":"Fetch GitHub commit ID from kodata failed: \"ref: refs/heads/0.8.0-**-support-backwards-incompats\" is not a valid GitHub commit ID"}
{"level":"info","ts":1582584847.1991992,"logger":"fallback-logger","caller":"creds-init/main.go:40","msg":"Credentials initialized."}

Showing logs for build [32mcb-kubecd-bdd-gh-1582584235-pr-pmzm8-1[0m stage [32mfrom-build-pack[0m and container [32mstep-working-dir-initializer-5mflz[0m
{"level":"warn","ts":1582584848.0218196,"logger":"fallback-logger","caller":"logging/config.go:69","msg":"Fetch GitHub commit ID from kodata failed: open /var/run/ko/HEAD: no such file or directory"}
{"level":"info","ts":1582584848.0237107,"logger":"fallback-logger","caller":"bash/main.go:64","msg":"Successfully executed command \"sh -c mkdir -p /workspace/source\"; output "}

Showing logs for build [32mcb-kubecd-bdd-gh-1582584235-pr-pmzm8-1[0m stage [32mfrom-build-pack[0m and container [32mstep-place-tools[0m

Showing logs for build [32mcb-kubecd-bdd-gh-1582584235-pr-pmzm8-1[0m stage [32mfrom-build-pack[0m and container [32mstep-git-source-cb-kubecd-bdd-gh-1582584235-pr-pmzm8-ks6sv[0m
{"level":"warn","ts":1582584854.1821215,"logger":"fallback-logger","caller":"logging/config.go:69","msg":"Fetch GitHub commit ID from kodata failed: \"ref: refs/heads/0.8.0-**-support-backwards-incompats\" is not a valid GitHub commit ID"}
{"level":"info","ts":1582584855.2649887,"logger":"fallback-logger","caller":"git/git.go:103","msg":"Successfully cloned https://github.com/cb-kubecd/bdd-gh-1582584235.git @ master in path /workspace/source"}

Showing logs for build [32mcb-kubecd-bdd-gh-1582584235-pr-pmzm8-1[0m stage [32mfrom-build-pack[0m and container [32mstep-git-merge[0m
Using SHAs from PULL_REFS=master:4ffab840bee66c2ed63e7835ef9e5ffd6834b696,1:d3f982d3a66473b6a6efe4554c247ea8c0cd704c
DEBUG: LC_ALL=C JX_LOG_LEVEL=error git fetch origin --unshallow d3f982d3a66473b6a6efe4554c247ea8c0cd704c: 4ffab840bee66c2ed63e7835ef9e5ffd6834b696:
DEBUG: ran git fetch --unshallow origin d3f982d3a66473b6a6efe4554c247ea8c0cd704c: 4ffab840bee66c2ed63e7835ef9e5ffd6834b696: in 
DEBUG: LC_ALL=C JX_LOG_LEVEL=error git branch
DEBUG: LC_ALL=C JX_LOG_LEVEL=error git checkout master
DEBUG: ran git checkout master in 
DEBUG: JX_LOG_LEVEL=error LC_ALL=C git reset --hard 4ffab840bee66c2ed63e7835ef9e5ffd6834b696
DEBUG: ran git reset --hard 4ffab840bee66c2ed63e7835ef9e5ffd6834b696 in 
DEBUG: LC_ALL=C JX_LOG_LEVEL=error git clean -fd .
DEBUG: ran clean --force -d . in 
DEBUG: LC_ALL=C JX_LOG_LEVEL=error git merge d3f982d3a66473b6a6efe4554c247ea8c0cd704c
DEBUG: ran git merge d3f982d3a66473b6a6efe4554c247ea8c0cd704c in 
DEBUG: LC_ALL=C JX_LOG_LEVEL=error git log --format=%H%x1f%an%x1f%ae%x1f%cn%x1f%ce%x1f%s%n%b%x1e 4ffab840bee66c2ed63e7835ef9e5ffd6834b696..HEAD
Merged SHA d3f982d3a66473b6a6efe4554c247ea8c0cd704c with commit message 'My first PR commit' into base branch master

Showing logs for build [32mcb-kubecd-bdd-gh-1582584235-pr-pmzm8-1[0m stage [32mfrom-build-pack[0m and container [32mstep-build-make-linux[0m
CGO_ENABLED=0 GOOS=linux GOARCH=amd64 GO15VENDOREXPERIMENT=1 go build -ldflags '' -o bin/bdd-gh-1582584235 main.go

Showing logs for build [32mcb-kubecd-bdd-gh-1582584235-pr-pmzm8-1[0m stage [32mfrom-build-pack[0m and container [32mstep-build-container-build[0m
[36mINFO[0m[0000] No base image, nothing to extract            
[36mINFO[0m[0000] cmd: EXPOSE                                  
[36mINFO[0m[0000] Adding exposed port: 8080/tcp                
[36mINFO[0m[0000] Using files from context: [/workspace/source/bin] 
[36mINFO[0m[0000] Skipping unpacking as no commands require it. 
[36mINFO[0m[0000] Taking snapshot of full filesystem...        
[36mINFO[0m[0000] EXPOSE 8080                                  
[36mINFO[0m[0000] cmd: EXPOSE                                  
[36mINFO[0m[0000] Adding exposed port: 8080/tcp                
[36mINFO[0m[0000] No files changed in this command, skipping snapshotting. 
[36mINFO[0m[0000] ENTRYPOINT ["/bdd-gh-1582584235"]            
[36mINFO[0m[0000] No files changed in this command, skipping snapshotting. 
[36mINFO[0m[0000] Using files from context: [/workspace/source/bin] 
[36mINFO[0m[0000] COPY ./bin/ /                                
[36mINFO[0m[0000] Taking snapshot of files...                  
2020/02/24 22:54:32 pushed blob: sha256:76a26c42d9d40598970860259117eda2c55684593aa8294e67975edc4db8efcf
2020/02/24 22:54:33 pushed blob: sha256:151562b88606b6e44fb9405e4a8655068b195c861762118ad79f1fc88667d06b
2020/02/24 22:54:34 gcr.io/jenkins-x-bdd3/bdd-gh-1582584235:0.0.0-SNAPSHOT-PR-1-1: digest: sha256:e5cd0cbd3fb0d6c643efd4e4cde5a75b66a6367540aa705ebc4192eca0ca489c size: 428

Showing logs for build [32mcb-kubecd-bdd-gh-1582584235-pr-pmzm8-1[0m stage [32mfrom-build-pack[0m and container [32mstep-postbuild-post-build[0m
no CVE provider running in the current ** namespace so skip adding image to be analysed

Showing logs for build [32mcb-kubecd-bdd-gh-1582584235-pr-pmzm8-1[0m stage [32mfrom-build-pack[0m and container [32mstep-promote-make-preview[0m
sed -i -e "s/version:.*/version: 0.0.0-SNAPSHOT-PR-1-1/" Chart.yaml
sed -i -e "s/version:.*/version: 0.0.0-SNAPSHOT-PR-1-1/" ../*/Chart.yaml
sed -i -e "s|repository:.*|repository: gcr.io\/jenkins-x-bdd3\/bdd-gh-1582584235|" values.yaml
sed -i -e "s/tag:.*/tag: 0.0.0-SNAPSHOT-PR-1-1/" values.yaml
echo "  version: 0.0.0-SNAPSHOT-PR-1-1" >> requirements.yaml
** step helm build
WARNING: No $CHART_REPOSITORY defined so using the default value of: http://jenkins-x-chartmuseum:8080
Adding missing Helm repo: storage.googleapis.com https://storage.googleapis.com/chartmuseum.jenkins-x.io
WARNING: No secrets found on "helm/repos" due: reading the secret "helm/repos" from vault: no secret "helm/repos" not found in vault
Read credentials for https://storage.googleapis.com/chartmuseum.jenkins-x.io from vault helm/repos
Successfully added Helm repository storage.googleapis.com.
Adding missing Helm repo: jenkins-x-chartmuseum http://jenkins-x-chartmuseum:8080
WARNING: No secrets found on "helm/repos" due: reading the secret "helm/repos" from vault: no secret "helm/repos" not found in vault
Read credentials for http://jenkins-x-chartmuseum:8080 from vault helm/repos
Successfully added Helm repository jenkins-x-chartmuseum.
WARNING: No $CHART_REPOSITORY defined so using the default value of: http://jenkins-x-chartmuseum:8080
Adding missing Helm repo: chartmuseum.jenkins-x.io http://chartmuseum.jenkins-x.io
WARNING: No secrets found on "helm/repos" due: reading the secret "helm/repos" from vault: no secret "helm/repos" not found in vault
Read credentials for http://chartmuseum.jenkins-x.io from vault helm/repos
Successfully added Helm repository chartmuseum.jenkins-x.io.

Showing logs for build [32mcb-kubecd-bdd-gh-1582584235-pr-pmzm8-1[0m stage [32mfrom-build-pack[0m and container [32mstep-promote-jx-preview[0m
Creating a preview
Created environment cb-kubecd-bdd-gh-1582584235-pr-1
Namespace **-cb-kubecd-bdd-gh-1582584235-pr-1 created 
expose:
  Annotations:
    helm.sh/hook: post-install,post-upgrade
    helm.sh/hook-delete-policy: hook-succeeded
  config:
    domain: 35.240.90.89.nip.io
    exposer: Ingress
    http: "true"
preview:
  image:
    repository: gcr.io/jenkins-x-bdd3/bdd-gh-1582584235
    tag: 0.0.0-SNAPSHOT-PR-1-1

Updating PipelineActivities cb-kubecd-bdd-gh-1582584235-pr-1-1 which has status Running
WARNING: preview application http://bdd-gh-1582584235.**-cb-kubecd-bdd-gh-1582584235-pr-1.35.240.90.89.nip.io not available, error was 503 503 Service Temporarily Unavailable, delaying for: 1.229180727s
WARNING: preview application http://bdd-gh-1582584235.**-cb-kubecd-bdd-gh-1582584235-pr-1.35.240.90.89.nip.io not available, error was 503 503 Service Temporarily Unavailable, delaying for: 1.854102902s
Preview application is now available at: http://bdd-gh-1582584235.**-cb-kubecd-bdd-gh-1582584235-pr-1.35.240.90.89.nip.io
